[judged] task=000 arm=cli-only score=1.000 low_agreement=0 parse_errors=0
[judged] task=000 arm=cli-skills score=1.000 low_agreement=0 parse_errors=0
[no-rubric] task=001 arm=cli-only (rule-only task — judge not called)
[no-rubric] task=001 arm=cli-skills (rule-only task — judge not called)
[no-rubric] task=002 arm=cli-only (rule-only task — judge not called)
[no-rubric] task=002 arm=cli-skills (rule-only task — judge not called)
[no-rubric] task=003 arm=cli-only (rule-only task — judge not called)
[no-rubric] task=003 arm=cli-skills (rule-only task — judge not called)
[no-rubric] task=004 arm=cli-only (rule-only task — judge not called)
[no-rubric] task=004 arm=cli-skills (rule-only task — judge not called)
[no-rubric] task=005 arm=cli-only (rule-only task — judge not called)
[no-rubric] task=005 arm=cli-skills (rule-only task — judge not called)
[no-rubric] task=006 arm=cli-only (rule-only task — judge not called)
[no-rubric] task=006 arm=cli-skills (rule-only task — judge not called)
[no-rubric] task=007 arm=cli-only (rule-only task — judge not called)
[no-rubric] task=007 arm=cli-skills (rule-only task — judge not called)
[no-rubric] task=008 arm=cli-only (rule-only task — judge not called)
[no-rubric] task=008 arm=cli-skills (rule-only task — judge not called)
[no-rubric] task=009 arm=cli-only (rule-only task — judge not called)
[no-rubric] task=009 arm=cli-skills (rule-only task — judge not called)
[no-rubric] task=010 arm=cli-only (rule-only task — judge not called)
[no-rubric] task=010 arm=cli-skills (rule-only task — judge not called)
[no-rubric] task=011 arm=cli-only (rule-only task — judge not called)
[no-rubric] task=011 arm=cli-skills (rule-only task — judge not called)
[no-rubric] task=012 arm=cli-only (rule-only task — judge not called)
[no-rubric] task=012 arm=cli-skills (rule-only task — judge not called)
[no-rubric] task=013 arm=cli-only (rule-only task — judge not called)
[no-rubric] task=013 arm=cli-skills (rule-only task — judge not called)
[no-rubric] task=014 arm=cli-only (rule-only task — judge not called)
[no-rubric] task=014 arm=cli-skills (rule-only task — judge not called)
[no-rubric] task=015 arm=cli-only (rule-only task — judge not called)
[no-rubric] task=015 arm=cli-skills (rule-only task — judge not called)
[no-rubric] task=016 arm=cli-only (rule-only task — judge not called)
[no-rubric] task=016 arm=cli-skills (rule-only task — judge not called)
[no-rubric] task=017 arm=cli-only (rule-only task — judge not called)
[no-rubric] task=017 arm=cli-skills (rule-only task — judge not called)
[no-rubric] task=018 arm=cli-only (rule-only task — judge not called)
[no-rubric] task=018 arm=cli-skills (rule-only task — judge not called)
[no-rubric] task=019 arm=cli-only (rule-only task — judge not called)
[no-rubric] task=019 arm=cli-skills (rule-only task — judge not called)
[no-rubric] task=020 arm=cli-only (rule-only task — judge not called)
[no-rubric] task=020 arm=cli-skills (rule-only task — judge not called)
[no-rubric] task=021 arm=cli-only (rule-only task — judge not called)
[no-rubric] task=021 arm=cli-skills (rule-only task — judge not called)
[no-rubric] task=022 arm=cli-only (rule-only task — judge not called)
[no-rubric] task=022 arm=cli-skills (rule-only task — judge not called)
[no-rubric] task=023 arm=cli-only (rule-only task — judge not called)
[no-rubric] task=023 arm=cli-skills (rule-only task — judge not called)
[no-rubric] task=024 arm=cli-only (rule-only task — judge not called)
[no-rubric] task=024 arm=cli-skills (rule-only task — judge not called)
[no-rubric] task=025 arm=cli-only (rule-only task — judge not called)
[no-rubric] task=025 arm=cli-skills (rule-only task — judge not called)
[judged] task=026 arm=cli-only score=1.000 low_agreement=0 parse_errors=0
[judged] task=026 arm=cli-skills score=1.000 low_agreement=0 parse_errors=0
[judged] task=027 arm=cli-only score=1.000 low_agreement=0 parse_errors=0
[judged] task=027 arm=cli-skills score=1.000 low_agreement=0 parse_errors=0
[judged] task=028 arm=cli-only score=0.667 low_agreement=0 parse_errors=0
[judged] task=028 arm=cli-skills score=1.000 low_agreement=0 parse_errors=0
[judged] task=029 arm=cli-only score=1.000 low_agreement=0 parse_errors=0
[judged] task=029 arm=cli-skills score=0.167 low_agreement=0 parse_errors=0
[judged] task=030 arm=cli-only score=1.000 low_agreement=0 parse_errors=0
[judged] task=030 arm=cli-skills score=1.000 low_agreement=0 parse_errors=0
[judged] task=031 arm=cli-only score=0.714 low_agreement=0 parse_errors=0
[judged] task=031 arm=cli-skills score=0.571 low_agreement=0 parse_errors=0
[judged] task=032 arm=cli-only score=1.000 low_agreement=0 parse_errors=0
[judged] task=032 arm=cli-skills score=1.000 low_agreement=0 parse_errors=0
[judged] task=033 arm=cli-only score=1.000 low_agreement=0 parse_errors=0
[judged] task=033 arm=cli-skills score=1.000 low_agreement=0 parse_errors=0
[judged] task=034 arm=cli-only score=0.667 low_agreement=0 parse_errors=0
[judged] task=034 arm=cli-skills score=0.000 low_agreement=0 parse_errors=0
[judged] task=035 arm=cli-only score=0.500 low_agreement=0 parse_errors=0
[judged] task=035 arm=cli-skills score=0.167 low_agreement=0 parse_errors=0
[judged] task=036 arm=cli-only score=1.000 low_agreement=0 parse_errors=0
[judged] task=036 arm=cli-skills score=1.000 low_agreement=0 parse_errors=0
[judged] task=037 arm=cli-only score=0.714 low_agreement=0 parse_errors=0
[judged] task=037 arm=cli-skills score=0.571 low_agreement=0 parse_errors=0
[judged] task=038 arm=cli-only score=1.000 low_agreement=0 parse_errors=0
[judged] task=038 arm=cli-skills score=1.000 low_agreement=0 parse_errors=0
[judged] task=039 arm=cli-only score=0.500 low_agreement=0 parse_errors=0
[judged] task=039 arm=cli-skills score=0.500 low_agreement=0 parse_errors=0
[judged] task=040 arm=cli-only score=1.000 low_agreement=0 parse_errors=0
[judged] task=040 arm=cli-skills score=1.000 low_agreement=0 parse_errors=0
[judged] task=041 arm=cli-only score=1.000 low_agreement=0 parse_errors=0
[judged] task=041 arm=cli-skills score=1.000 low_agreement=0 parse_errors=0
[judged] task=042 arm=cli-only score=1.000 low_agreement=0 parse_errors=0
[judged] task=042 arm=cli-skills score=0.833 low_agreement=0 parse_errors=0
[judged] task=043 arm=cli-only score=1.000 low_agreement=0 parse_errors=0
[judged] task=043 arm=cli-skills score=1.000 low_agreement=0 parse_errors=0
[judged] task=044 arm=cli-only score=0.857 low_agreement=0 parse_errors=0
[judged] task=044 arm=cli-skills score=0.571 low_agreement=0 parse_errors=0
[judged] task=045 arm=cli-only score=1.000 low_agreement=0 parse_errors=0
[judged] task=045 arm=cli-skills score=1.000 low_agreement=0 parse_errors=0
[judged] task=046 arm=cli-only score=0.000 low_agreement=0 parse_errors=0
[judged] task=046 arm=cli-skills score=0.000 low_agreement=0 parse_errors=0
[judged] task=047 arm=cli-only score=1.000 low_agreement=0 parse_errors=0
[judged] task=047 arm=cli-skills score=1.000 low_agreement=0 parse_errors=0
[judged] task=048 arm=cli-only score=1.000 low_agreement=0 parse_errors=0
[judged] task=048 arm=cli-skills score=1.000 low_agreement=0 parse_errors=0
[judged] task=049 arm=cli-only score=0.714 low_agreement=0 parse_errors=0
[judged] task=049 arm=cli-skills score=0.000 low_agreement=0 parse_errors=1
[judged] task=050 arm=cli-only score=0.857 low_agreement=0 parse_errors=0
[judged] task=050 arm=cli-skills score=1.000 low_agreement=0 parse_errors=0
[judged] task=051 arm=cli-only score=0.000 low_agreement=0 parse_errors=0
[judged] task=051 arm=cli-skills score=0.000 low_agreement=0 parse_errors=0
[judged] task=052 arm=cli-only score=0.333 low_agreement=0 parse_errors=0
[judged] task=052 arm=cli-skills score=0.333 low_agreement=0 parse_errors=0
[judged] task=053 arm=cli-only score=1.000 low_agreement=0 parse_errors=0
[judged] task=053 arm=cli-skills score=1.000 low_agreement=0 parse_errors=0
[judged] task=054 arm=cli-only score=1.000 low_agreement=0 parse_errors=0
[judged] task=054 arm=cli-skills score=1.000 low_agreement=0 parse_errors=0
[judged] task=055 arm=cli-only score=0.000 low_agreement=0 parse_errors=0
[judged] task=055 arm=cli-skills score=0.000 low_agreement=0 parse_errors=0
[judged] task=056 arm=cli-only score=1.000 low_agreement=0 parse_errors=0
[judged] task=056 arm=cli-skills score=1.000 low_agreement=0 parse_errors=0
[judged] task=057 arm=cli-only score=0.667 low_agreement=0 parse_errors=0
[judged] task=057 arm=cli-skills score=1.000 low_agreement=0 parse_errors=0
[judged] task=058 arm=cli-only score=0.000 low_agreement=0 parse_errors=0
[judged] task=058 arm=cli-skills score=0.000 low_agreement=0 parse_errors=0
[judged] task=059 arm=cli-only score=0.000 low_agreement=0 parse_errors=0
[judged] task=059 arm=cli-skills score=0.000 low_agreement=0 parse_errors=0
[judged] task=060 arm=cli-only score=1.000 low_agreement=0 parse_errors=0
[judged] task=060 arm=cli-skills score=1.000 low_agreement=0 parse_errors=0
[judged] task=061 arm=cli-only score=1.000 low_agreement=0 parse_errors=0
[judged] task=061 arm=cli-skills score=1.000 low_agreement=0 parse_errors=0
[judged] task=062 arm=cli-only score=1.000 low_agreement=0 parse_errors=0
[judged] task=062 arm=cli-skills score=1.000 low_agreement=0 parse_errors=0
[judged] task=063 arm=cli-only score=1.000 low_agreement=0 parse_errors=0
[judged] task=063 arm=cli-skills score=1.000 low_agreement=0 parse_errors=0
[judged] task=064 arm=cli-only score=1.000 low_agreement=0 parse_errors=0
[judged] task=064 arm=cli-skills score=1.000 low_agreement=0 parse_errors=0
[judged] task=065 arm=cli-only score=0.000 low_agreement=0 parse_errors=0
[judged] task=065 arm=cli-skills score=0.000 low_agreement=0 parse_errors=0
[judged] task=066 arm=cli-only score=1.000 low_agreement=0 parse_errors=0
[judged] task=066 arm=cli-skills score=1.000 low_agreement=0 parse_errors=0
[judged] task=067 arm=cli-only score=1.000 low_agreement=0 parse_errors=0
[judged] task=067 arm=cli-skills score=1.000 low_agreement=0 parse_errors=0
[judged] task=068 arm=cli-only score=0.000 low_agreement=0 parse_errors=0
[judged] task=068 arm=cli-skills score=0.000 low_agreement=0 parse_errors=0
[judged] task=069 arm=cli-only score=1.000 low_agreement=0 parse_errors=0
[judged] task=069 arm=cli-skills score=1.000 low_agreement=0 parse_errors=0
[judged] task=070 arm=cli-only score=1.000 low_agreement=0 parse_errors=0
[judged] task=070 arm=cli-skills score=1.000 low_agreement=0 parse_errors=0
[no-rubric] task=071 arm=cli-only (rule-only task — judge not called)
[no-rubric] task=071 arm=cli-skills (rule-only task — judge not called)
[no-rubric] task=072 arm=cli-only (rule-only task — judge not called)
[no-rubric] task=072 arm=cli-skills (rule-only task — judge not called)
[no-rubric] task=073 arm=cli-only (rule-only task — judge not called)
[no-rubric] task=073 arm=cli-skills (rule-only task — judge not called)
[no-rubric] task=074 arm=cli-only (rule-only task — judge not called)
[no-rubric] task=074 arm=cli-skills (rule-only task — judge not called)
[no-rubric] task=075 arm=cli-only (rule-only task — judge not called)
[no-rubric] task=075 arm=cli-skills (rule-only task — judge not called)
[no-rubric] task=076 arm=cli-only (rule-only task — judge not called)
[no-rubric] task=076 arm=cli-skills (rule-only task — judge not called)
[no-rubric] task=077 arm=cli-only (rule-only task — judge not called)
[no-rubric] task=077 arm=cli-skills (rule-only task — judge not called)
[no-rubric] task=078 arm=cli-only (rule-only task — judge not called)
[no-rubric] task=078 arm=cli-skills (rule-only task — judge not called)
[no-rubric] task=079 arm=cli-only (rule-only task — judge not called)
[no-rubric] task=079 arm=cli-skills (rule-only task — judge not called)
[no-rubric] task=080 arm=cli-only (rule-only task — judge not called)
[no-rubric] task=080 arm=cli-skills (rule-only task — judge not called)
[no-rubric] task=081 arm=cli-only (rule-only task — judge not called)
[no-rubric] task=081 arm=cli-skills (rule-only task — judge not called)
[no-rubric] task=082 arm=cli-only (rule-only task — judge not called)
[no-rubric] task=082 arm=cli-skills (rule-only task — judge not called)
[no-rubric] task=083 arm=cli-only (rule-only task — judge not called)
[no-rubric] task=083 arm=cli-skills (rule-only task — judge not called)
[no-rubric] task=084 arm=cli-only (rule-only task — judge not called)
[no-rubric] task=084 arm=cli-skills (rule-only task — judge not called)
[no-rubric] task=085 arm=cli-only (rule-only task — judge not called)
[no-rubric] task=085 arm=cli-skills (rule-only task — judge not called)
[judged] task=086 arm=cli-only score=1.000 low_agreement=0 parse_errors=0
[judged] task=086 arm=cli-skills score=1.000 low_agreement=0 parse_errors=0
[judged] task=087 arm=cli-only score=1.000 low_agreement=0 parse_errors=0
[judged] task=087 arm=cli-skills score=1.000 low_agreement=0 parse_errors=0
[judged] task=088 arm=cli-only score=1.000 low_agreement=0 parse_errors=0
[judged] task=088 arm=cli-skills score=0.714 low_agreement=0 parse_errors=0
[judged] task=089 arm=cli-only score=1.000 low_agreement=0 parse_errors=0
[judged] task=089 arm=cli-skills score=1.000 low_agreement=0 parse_errors=0
[judged] task=090 arm=cli-only score=0.857 low_agreement=0 parse_errors=0
[judged] task=090 arm=cli-skills score=1.000 low_agreement=0 parse_errors=0
[judged] task=091 arm=cli-only score=1.000 low_agreement=0 parse_errors=0
[judged] task=091 arm=cli-skills score=1.000 low_agreement=0 parse_errors=0
[judged] task=092 arm=cli-only score=0.000 low_agreement=0 parse_errors=0
[judged] task=092 arm=cli-skills score=0.000 low_agreement=0 parse_errors=1
[judged] task=093 arm=cli-only score=0.857 low_agreement=0 parse_errors=0
[judged] task=093 arm=cli-skills score=0.571 low_agreement=0 parse_errors=0
[judged] task=094 arm=cli-only score=0.286 low_agreement=0 parse_errors=0
[judged] task=094 arm=cli-skills score=0.857 low_agreement=0 parse_errors=0
[judged] task=095 arm=cli-only score=1.000 low_agreement=0 parse_errors=0
[judged] task=095 arm=cli-skills score=0.857 low_agreement=0 parse_errors=0
[judged] task=096 arm=cli-only score=0.000 low_agreement=0 parse_errors=0
[judged] task=096 arm=cli-skills score=0.571 low_agreement=0 parse_errors=0
[judged] task=097 arm=cli-only score=0.429 low_agreement=0 parse_errors=0
[judged] task=097 arm=cli-skills score=0.143 low_agreement=0 parse_errors=0
[judged] task=098 arm=cli-only score=0.000 low_agreement=0 parse_errors=0
[judged] task=098 arm=cli-skills score=0.000 low_agreement=0 parse_errors=0
[judged] task=099 arm=cli-only score=1.000 low_agreement=0 parse_errors=0
[judged] task=099 arm=cli-skills score=1.000 low_agreement=0 parse_errors=0
[judged] task=100 arm=cli-only score=0.875 low_agreement=0 parse_errors=0
[judged] task=100 arm=cli-skills score=0.625 low_agreement=0 parse_errors=0

judged=122 skipped=0 no_rubric=80 errors=0 in 1224.0s (use --force to re-judge)
